<?xml version="1.0" encoding="UTF-8"?>
<testsuite xmlns:xsi="http://www.w3.org/2001/XMLSchema-instance" xsi:noNamespaceSchemaLocation="https://maven.apache.org/surefire/maven-surefire-plugin/xsd/surefire-test-report-3.0.xsd" version="3.0" name="com.example.aloha.AlohaApplicationTests" time="15.535" tests="1" errors="0" skipped="0" failures="0">
  <properties>
[...]
</properties>
  <testcase name="contextLoads" classname="com.example.aloha.AlohaApplicationTests" time="0.422">
    <system-out><![CDATA[22:34:40.255 [main] INFO org.springframework.test.context.support.AnnotationConfigContextLoaderUtils -- Could not detect default configuration classes for test class [com.example.aloha.AlohaApplicationTests]: AlohaApplicationTests does not declare any static, non-private, non-final, nested classes annotated with @Configuration.
22:34:40.349 [main] INFO org.springframework.boot.test.context.SpringBootTestContextBootstrapper -- Found @SpringBootConfiguration com.example.aloha.AlohaApplication for test class com.example.aloha.AlohaApplicationTests

  .   ____          _            __ _ _
 /\\ / ___'_ __ _ _(_)_ __  __ _ \ \ \ \
( ( )\___ | '_ | '_| | '_ \/ _` | \ \ \ \
 \\/  ___)| |_)| | | | | || (_| |  ) ) ) )
  '  |____| .__|_| |_|_| |_\__, | / / / /
 =========|_|==============|___/=/_/_/_/
 :: Spring Boot ::                (v3.1.0)

2024-06-07T22:34:40.716+02:00  INFO 15500 --- [           main] c.example.aloha.AlohaApplicationTests    : Starting AlohaApplicationTests using Java 17 with PID 15500 (started by Usuario in D:\Proyectos\aloha_docker)
2024-06-07T22:34:40.717+02:00  INFO 15500 --- [           main] c.example.aloha.AlohaApplicationTests    : No active profile set, falling back to 1 default profile: "default"
2024-06-07T22:34:41.717+02:00  INFO 15500 --- [           main] .s.d.r.c.RepositoryConfigurationDelegate : Bootstrapping Spring Data JPA repositories in DEFAULT mode.
2024-06-07T22:34:41.817+02:00  INFO 15500 --- [           main] .s.d.r.c.RepositoryConfigurationDelegate : Finished Spring Data repository scanning in 93 ms. Found 12 JPA repository interfaces.
2024-06-07T22:34:42.272+02:00  INFO 15500 --- [           main] o.hibernate.jpa.internal.util.LogHelper  : HHH000204: Processing PersistenceUnitInfo [name: default]
2024-06-07T22:34:42.334+02:00  INFO 15500 --- [           main] org.hibernate.Version                    : HHH000412: Hibernate ORM core version 6.2.2.Final
2024-06-07T22:34:42.336+02:00  INFO 15500 --- [           main] org.hibernate.cfg.Environment            : HHH000406: Using bytecode reflection optimizer
2024-06-07T22:34:42.544+02:00  INFO 15500 --- [           main] o.h.b.i.BytecodeProviderInitiator        : HHH000021: Bytecode provider name : bytebuddy
2024-06-07T22:34:42.681+02:00  INFO 15500 --- [           main] o.s.o.j.p.SpringPersistenceUnitInfo      : No LoadTimeWeaver setup: ignoring JPA class transformer
2024-06-07T22:34:42.702+02:00  INFO 15500 --- [           main] com.zaxxer.hikari.HikariDataSource       : HikariPool-1 - Starting...
2024-06-07T22:34:44.790+02:00  INFO 15500 --- [           main] com.zaxxer.hikari.pool.HikariPool        : HikariPool-1 - Added connection com.mysql.cj.jdbc.ConnectionImpl@3a3316b6
2024-06-07T22:34:44.793+02:00  INFO 15500 --- [           main] com.zaxxer.hikari.HikariDataSource       : HikariPool-1 - Start completed.
2024-06-07T22:34:45.198+02:00  INFO 15500 --- [           main] org.hibernate.orm.dialect                : HHH035001: Using dialect: org.hibernate.dialect.MySQLDialect, version: 8.4
2024-06-07T22:34:45.424+02:00  INFO 15500 --- [           main] o.h.b.i.BytecodeProviderInitiator        : HHH000021: Bytecode provider name : bytebuddy
2024-06-07T22:34:46.080+02:00  INFO 15500 --- [           main] o.h.e.t.j.p.i.JtaPlatformInitiator       : HHH000490: Using JtaPlatform implementation: [org.hibernate.engine.transaction.jta.platform.internal.NoJtaPlatform]
Hibernate: alter table accommodation_unit modify column price  float(53)
Hibernate: alter table admin modify column role  enum ('ADMIN','CLIENT')
Hibernate: alter table client modify column role  enum ('ADMIN','CLIENT')
Hibernate: alter table users modify column role  enum ('ADMIN','CLIENT')
2024-06-07T22:34:53.696+02:00  INFO 15500 --- [           main] j.LocalContainerEntityManagerFactoryBean : Initialized JPA EntityManagerFactory for persistence unit 'default'
2024-06-07T22:34:53.945+02:00  INFO 15500 --- [           main] o.s.d.j.r.query.QueryEnhancerFactory     : Hibernate is in classpath; If applicable, HQL parser will be used.
2024-06-07T22:34:54.346+02:00  WARN 15500 --- [           main] JpaBaseConfiguration$JpaWebConfiguration : spring.jpa.open-in-view is enabled by default. Therefore, database queries may be performed during view rendering. Explicitly configure spring.jpa.open-in-view to disable this warning
2024-06-07T22:34:54.479+02:00  INFO 15500 --- [           main] o.s.s.web.DefaultSecurityFilterChain     : Will secure any request with [org.springframework.security.web.session.DisableEncodeUrlFilter@4700064f, org.springframework.security.web.context.request.async.WebAsyncManagerIntegrationFilter@11703cc8, org.springframework.security.web.context.SecurityContextHolderFilter@4bfaff23, org.springframework.security.web.header.HeaderWriterFilter@331da721, org.springframework.security.web.authentication.logout.LogoutFilter@44b99467, com.example.aloha.jwt.JwtAuthenticationFilter@c0cb9c2, org.springframework.security.web.savedrequest.RequestCacheAwareFilter@7f588bc6, org.springframework.security.web.servletapi.SecurityContextHolderAwareRequestFilter@ab11e76, org.springframework.security.web.authentication.AnonymousAuthenticationFilter@6fc84468, org.springframework.security.web.session.SessionManagementFilter@42c9c0a1, org.springframework.security.web.access.ExceptionTranslationFilter@40a2fdd2, org.springframework.security.web.access.intercept.AuthorizationFilter@7a458c73]
2024-06-07T22:34:55.108+02:00  INFO 15500 --- [           main] o.s.b.a.e.web.EndpointLinksResolver      : Exposing 1 endpoint(s) beneath base path '/actuator'
2024-06-07T22:34:55.167+02:00  INFO 15500 --- [           main] c.example.aloha.AlohaApplicationTests    : Started AlohaApplicationTests in 14.679 seconds (process running for 15.543)
]]></system-out>
  </testcase>
</testsuite>